[11-Dec-2018 00:40:30 UTC] PHP Warning:  include(../../../sqlConnection.php): failed to open stream: No such file or directory in /home/ubuntu/workspace/cst352/final/api/getHeroInfo.php on line 2
[11-Dec-2018 00:40:30 UTC] PHP Stack trace:
[11-Dec-2018 00:40:30 UTC] PHP   1. {main}() /home/ubuntu/workspace/cst352/final/api/getHeroInfo.php:0
[11-Dec-2018 00:40:30 UTC] PHP Warning:  include(): Failed opening '../../../sqlConnection.php' for inclusion (include_path='.:/usr/share/php:/usr/share/pear') in /home/ubuntu/workspace/cst352/final/api/getHeroInfo.php on line 2
[11-Dec-2018 00:40:30 UTC] PHP Stack trace:
[11-Dec-2018 00:40:30 UTC] PHP   1. {main}() /home/ubuntu/workspace/cst352/final/api/getHeroInfo.php:0
[11-Dec-2018 00:40:30 UTC] PHP Fatal error:  Call to undefined function getConnection() in /home/ubuntu/workspace/cst352/final/api/getHeroInfo.php on line 3
[11-Dec-2018 00:40:30 UTC] PHP Stack trace:
[11-Dec-2018 00:40:30 UTC] PHP   1. {main}() /home/ubuntu/workspace/cst352/final/api/getHeroInfo.php:0
[11-Dec-2018 00:40:46 UTC] PHP Warning:  include(../../../sqlConnection.php): failed to open stream: No such file or directory in /home/ubuntu/workspace/cst352/final/api/getHeroInfo.php on line 2
[11-Dec-2018 00:40:46 UTC] PHP Stack trace:
[11-Dec-2018 00:40:46 UTC] PHP   1. {main}() /home/ubuntu/workspace/cst352/final/api/getHeroInfo.php:0
[11-Dec-2018 00:40:46 UTC] PHP Warning:  include(): Failed opening '../../../sqlConnection.php' for inclusion (include_path='.:/usr/share/php:/usr/share/pear') in /home/ubuntu/workspace/cst352/final/api/getHeroInfo.php on line 2
[11-Dec-2018 00:40:46 UTC] PHP Stack trace:
[11-Dec-2018 00:40:46 UTC] PHP   1. {main}() /home/ubuntu/workspace/cst352/final/api/getHeroInfo.php:0
[11-Dec-2018 00:40:46 UTC] PHP Fatal error:  Call to undefined function getConnection() in /home/ubuntu/workspace/cst352/final/api/getHeroInfo.php on line 3
[11-Dec-2018 00:40:46 UTC] PHP Stack trace:
[11-Dec-2018 00:40:46 UTC] PHP   1. {main}() /home/ubuntu/workspace/cst352/final/api/getHeroInfo.php:0
[11-Dec-2018 00:42:59 UTC] PHP Parse error:  syntax error, unexpected '$sql' (T_VARIABLE), expecting ',' or ';' in /home/ubuntu/workspace/cst352/final/api/getHeroInfo.php on line 8
[11-Dec-2018 00:44:51 UTC] PHP Parse error:  syntax error, unexpected '$sql' (T_VARIABLE), expecting ',' or ';' in /home/ubuntu/workspace/cst352/final/api/getHeroInfo.php on line 8
[11-Dec-2018 00:44:53 UTC] PHP Parse error:  syntax error, unexpected '$sql' (T_VARIABLE), expecting ',' or ';' in /home/ubuntu/workspace/cst352/final/api/getHeroInfo.php on line 8
[11-Dec-2018 00:45:05 UTC] PHP Parse error:  syntax error, unexpected '$sql' (T_VARIABLE), expecting ',' or ';' in /home/ubuntu/workspace/cst352/final/api/getHeroInfo.php on line 8
[11-Dec-2018 00:45:06 UTC] PHP Parse error:  syntax error, unexpected '$sql' (T_VARIABLE), expecting ',' or ';' in /home/ubuntu/workspace/cst352/final/api/getHeroInfo.php on line 8
[11-Dec-2018 00:45:06 UTC] PHP Parse error:  syntax error, unexpected '$sql' (T_VARIABLE), expecting ',' or ';' in /home/ubuntu/workspace/cst352/final/api/getHeroInfo.php on line 8
[11-Dec-2018 00:45:22 UTC] PHP Warning:  include(../../../sqlConnection.php): failed to open stream: No such file or directory in /home/ubuntu/workspace/cst352/final/api/getHeroInfo.php on line 2
[11-Dec-2018 00:45:22 UTC] PHP Stack trace:
[11-Dec-2018 00:45:22 UTC] PHP   1. {main}() /home/ubuntu/workspace/cst352/final/api/getHeroInfo.php:0
[11-Dec-2018 00:45:22 UTC] PHP Warning:  include(): Failed opening '../../../sqlConnection.php' for inclusion (include_path='.:/usr/share/php:/usr/share/pear') in /home/ubuntu/workspace/cst352/final/api/getHeroInfo.php on line 2
[11-Dec-2018 00:45:22 UTC] PHP Stack trace:
[11-Dec-2018 00:45:22 UTC] PHP   1. {main}() /home/ubuntu/workspace/cst352/final/api/getHeroInfo.php:0
[11-Dec-2018 00:45:22 UTC] PHP Fatal error:  Call to undefined function getConnection() in /home/ubuntu/workspace/cst352/final/api/getHeroInfo.php on line 3
[11-Dec-2018 00:45:22 UTC] PHP Stack trace:
[11-Dec-2018 00:45:22 UTC] PHP   1. {main}() /home/ubuntu/workspace/cst352/final/api/getHeroInfo.php:0
[11-Dec-2018 00:49:06 UTC] PHP Parse error:  syntax error, unexpected ':' in /home/ubuntu/workspace/cst352/final/api/getHeroInfo.php on line 13
[11-Dec-2018 02:55:08 UTC] PHP Fatal error:  Uncaught exception 'PDOException' with message 'SQLSTATE[42000]: Syntax error or access violation: 1064 You have an error in your SQL syntax; check the manual that corresponds to your MySQL server version for the right syntax to use near '' at line 3' in /home/ubuntu/workspace/cst352/final/api/getHeroInfo.php:14
Stack trace:
#0 /home/ubuntu/workspace/cst352/final/api/getHeroInfo.php(14): PDOStatement->execute()
#1 /home/ubuntu/workspace/cst352/final/api/getHeroInfo.php(22): displayHero()
#2 {main}
  thrown in /home/ubuntu/workspace/cst352/final/api/getHeroInfo.php on line 14
[11-Dec-2018 02:57:52 UTC] PHP Fatal error:  Uncaught exception 'PDOException' with message 'SQLSTATE[42000]: Syntax error or access violation: 1064 You have an error in your SQL syntax; check the manual that corresponds to your MySQL server version for the right syntax to use near '' at line 3' in /home/ubuntu/workspace/cst352/final/api/getHeroInfo.php:14
Stack trace:
#0 /home/ubuntu/workspace/cst352/final/api/getHeroInfo.php(14): PDOStatement->execute()
#1 /home/ubuntu/workspace/cst352/final/api/getHeroInfo.php(22): displayHero()
#2 {main}
  thrown in /home/ubuntu/workspace/cst352/final/api/getHeroInfo.php on line 14
[11-Dec-2018 02:58:35 UTC] PHP Fatal error:  Uncaught exception 'PDOException' with message 'SQLSTATE[42000]: Syntax error or access violation: 1064 You have an error in your SQL syntax; check the manual that corresponds to your MySQL server version for the right syntax to use near '' at line 3' in /home/ubuntu/workspace/cst352/final/api/getHeroInfo.php:14
Stack trace:
#0 /home/ubuntu/workspace/cst352/final/api/getHeroInfo.php(14): PDOStatement->execute()
#1 /home/ubuntu/workspace/cst352/final/api/getHeroInfo.php(22): displayHero()
#2 {main}
  thrown in /home/ubuntu/workspace/cst352/final/api/getHeroInfo.php on line 14
[11-Dec-2018 03:42:40 UTC] PHP Fatal error:  Uncaught exception 'PDOException' with message 'SQLSTATE[42000]: Syntax error or access violation: 1064 You have an error in your SQL syntax; check the manual that corresponds to your MySQL server version for the right syntax to use near '' at line 3' in /home/ubuntu/workspace/cst352/final/api/getHeroInfo.php:14
Stack trace:
#0 /home/ubuntu/workspace/cst352/final/api/getHeroInfo.php(14): PDOStatement->execute()
#1 /home/ubuntu/workspace/cst352/final/api/getHeroInfo.php(22): displayHero()
#2 {main}
  thrown in /home/ubuntu/workspace/cst352/final/api/getHeroInfo.php on line 14
[11-Dec-2018 03:43:04 UTC] PHP Fatal error:  Uncaught exception 'PDOException' with message 'SQLSTATE[42000]: Syntax error or access violation: 1064 You have an error in your SQL syntax; check the manual that corresponds to your MySQL server version for the right syntax to use near '' at line 3' in /home/ubuntu/workspace/cst352/final/api/getHeroInfo.php:14
Stack trace:
#0 /home/ubuntu/workspace/cst352/final/api/getHeroInfo.php(14): PDOStatement->execute()
#1 /home/ubuntu/workspace/cst352/final/api/getHeroInfo.php(22): displayHero()
#2 {main}
  thrown in /home/ubuntu/workspace/cst352/final/api/getHeroInfo.php on line 14
[11-Dec-2018 03:44:04 UTC] PHP Warning:  include(../../../sqlConnection.php): failed to open stream: No such file or directory in /home/ubuntu/workspace/cst352/final/api/getHeroInfo.php on line 2
[11-Dec-2018 03:44:04 UTC] PHP Stack trace:
[11-Dec-2018 03:44:04 UTC] PHP   1. {main}() /home/ubuntu/workspace/cst352/final/api/getHeroInfo.php:0
[11-Dec-2018 03:44:04 UTC] PHP Warning:  include(): Failed opening '../../../sqlConnection.php' for inclusion (include_path='.:/usr/share/php:/usr/share/pear') in /home/ubuntu/workspace/cst352/final/api/getHeroInfo.php on line 2
[11-Dec-2018 03:44:04 UTC] PHP Stack trace:
[11-Dec-2018 03:44:04 UTC] PHP   1. {main}() /home/ubuntu/workspace/cst352/final/api/getHeroInfo.php:0
[11-Dec-2018 03:44:04 UTC] PHP Fatal error:  Call to undefined function getConnection() in /home/ubuntu/workspace/cst352/final/api/getHeroInfo.php on line 3
[11-Dec-2018 03:44:04 UTC] PHP Stack trace:
[11-Dec-2018 03:44:04 UTC] PHP   1. {main}() /home/ubuntu/workspace/cst352/final/api/getHeroInfo.php:0
[11-Dec-2018 03:44:55 UTC] PHP Fatal error:  Uncaught exception 'PDOException' with message 'SQLSTATE[42000]: Syntax error or access violation: 1064 You have an error in your SQL syntax; check the manual that corresponds to your MySQL server version for the right syntax to use near '' at line 3' in /home/ubuntu/workspace/cst352/final/api/getHeroInfo.php:13
Stack trace:
#0 /home/ubuntu/workspace/cst352/final/api/getHeroInfo.php(13): PDOStatement->execute()
#1 /home/ubuntu/workspace/cst352/final/api/getHeroInfo.php(19): displayHero()
#2 {main}
  thrown in /home/ubuntu/workspace/cst352/final/api/getHeroInfo.php on line 13
[11-Dec-2018 03:45:35 UTC] PHP Fatal error:  Uncaught exception 'PDOException' with message 'SQLSTATE[42000]: Syntax error or access violation: 1064 You have an error in your SQL syntax; check the manual that corresponds to your MySQL server version for the right syntax to use near '' at line 3' in /home/ubuntu/workspace/cst352/final/api/getHeroInfo.php:13
Stack trace:
#0 /home/ubuntu/workspace/cst352/final/api/getHeroInfo.php(13): PDOStatement->execute()
#1 /home/ubuntu/workspace/cst352/final/api/getHeroInfo.php(19): displayHero()
#2 {main}
  thrown in /home/ubuntu/workspace/cst352/final/api/getHeroInfo.php on line 13
[11-Dec-2018 03:56:58 UTC] PHP Fatal error:  Uncaught exception 'PDOException' with message 'SQLSTATE[42000]: Syntax error or access violation: 1064 You have an error in your SQL syntax; check the manual that corresponds to your MySQL server version for the right syntax to use near ''Superheroes' 
            WHERE hero_id = 1' at line 2' in /home/ubuntu/workspace/cst352/final/api/getHeroInfo.php:14
Stack trace:
#0 /home/ubuntu/workspace/cst352/final/api/getHeroInfo.php(14): PDOStatement->execute()
#1 /home/ubuntu/workspace/cst352/final/api/getHeroInfo.php(22): displayHero()
#2 {main}
  thrown in /home/ubuntu/workspace/cst352/final/api/getHeroInfo.php on line 14
[11-Dec-2018 17:55:25 UTC] PHP Fatal error:  Uncaught exception 'PDOException' with message 'SQLSTATE[42000]: Syntax error or access violation: 1064 You have an error in your SQL syntax; check the manual that corresponds to your MySQL server version for the right syntax to use near '' at line 3' in /home/ubuntu/workspace/cst352/final/api/getHeroInfo.php:12
Stack trace:
#0 /home/ubuntu/workspace/cst352/final/api/getHeroInfo.php(12): PDOStatement->execute()
#1 /home/ubuntu/workspace/cst352/final/api/getHeroInfo.php(18): displayHero()
#2 {main}
  thrown in /home/ubuntu/workspace/cst352/final/api/getHeroInfo.php on line 12
[11-Dec-2018 19:17:45 UTC] PHP Fatal error:  Uncaught exception 'PDOException' with message 'SQLSTATE[42000]: Syntax error or access violation: 1064 You have an error in your SQL syntax; check the manual that corresponds to your MySQL server version for the right syntax to use near '' at line 3' in /home/ubuntu/workspace/cst352/final/api/getHeroInfo.php:12
Stack trace:
#0 /home/ubuntu/workspace/cst352/final/api/getHeroInfo.php(12): PDOStatement->execute()
#1 /home/ubuntu/workspace/cst352/final/api/getHeroInfo.php(18): displayHero()
#2 {main}
  thrown in /home/ubuntu/workspace/cst352/final/api/getHeroInfo.php on line 12
[11-Dec-2018 23:03:29 UTC] PHP Fatal error:  Uncaught exception 'PDOException' with message 'SQLSTATE[42000]: Syntax error or access violation: 1064 You have an error in your SQL syntax; check the manual that corresponds to your MySQL server version for the right syntax to use near 'order by name' at line 2' in /home/ubuntu/workspace/cst352/final/api/getHeroInfo.php:16
Stack trace:
#0 /home/ubuntu/workspace/cst352/final/api/getHeroInfo.php(16): PDOStatement->execute(Array)
#1 /home/ubuntu/workspace/cst352/final/api/getHeroInfo.php(22): displayHero()
#2 {main}
  thrown in /home/ubuntu/workspace/cst352/final/api/getHeroInfo.php on line 16
[13-Dec-2018 01:38:54 UTC] PHP Parse error:  syntax error, unexpected 'Superheroes' (T_STRING) in /home/ubuntu/workspace/cst352/final/api/getHeroInfo.php on line 9
